SF:lib\core\error\failure.dart
DA:5,1
DA:7,0
DA:8,0
DA:12,1
DA:16,0
LF:5
LH:2
end_of_record
SF:lib\modules\home\domain\entities\character_entity.dart
DA:15,3
DA:28,0
DA:29,0
DA:30,0
DA:31,0
DA:32,0
DA:33,0
DA:34,0
DA:35,0
DA:36,0
DA:37,0
DA:38,0
DA:39,0
LF:13
LH:1
end_of_record
SF:lib\modules\home\domain\entities\episode_entity.dart
DA:12,3
DA:22,0
DA:23,0
DA:24,0
DA:25,0
DA:26,0
DA:27,0
DA:28,0
DA:29,0
DA:30,0
LF:10
LH:1
end_of_record
SF:lib\modules\home\domain\usecases\load_characters_usecase.dart
DA:9,1
DA:11,1
DA:12,2
LF:3
LH:3
end_of_record
SF:lib\modules\home\domain\usecases\load_episode_usecase.dart
DA:9,1
DA:11,1
DA:12,2
LF:3
LH:3
end_of_record
SF:lib\modules\home\infra\model\episode.dart
DA:4,3
DA:14,0
DA:15,0
DA:16,0
DA:17,0
DA:18,0
DA:19,0
DA:20,0
DA:21,0
DA:23,0
DA:24,0
DA:28,0
DA:29,0
DA:30,0
DA:31,0
DA:32,0
DA:33,0
DA:34,0
DA:35,0
DA:36,0
LF:20
LH:1
end_of_record
SF:lib\modules\home\infra\model\rick_and_morty_characters.dart
DA:4,3
DA:17,0
DA:18,0
DA:19,0
DA:20,0
DA:21,0
DA:22,0
DA:23,0
DA:24,0
DA:25,0
DA:26,0
DA:27,0
DA:28,0
DA:32,0
DA:33,0
DA:34,0
DA:35,0
DA:36,0
DA:37,0
DA:38,0
DA:39,0
DA:40,0
DA:41,0
DA:42,0
DA:43,0
LF:25
LH:1
end_of_record
SF:lib\core\di\injection.dart
DA:4,3
DA:6,0
DA:8,0
DA:9,0
DA:12,0
DA:13,0
DA:14,0
DA:15,0
DA:20,0
DA:21,0
DA:23,0
DA:24,0
DA:28,0
DA:29,0
DA:30,0
DA:31,0
LF:16
LH:1
end_of_record
SF:lib\modules\home\data\external\service.dart
DA:9,0
DA:13,0
DA:14,0
DA:16,0
DA:20,0
DA:24,0
DA:25,0
DA:27,0
DA:28,0
DA:30,0
DA:31,0
DA:32,0
DA:33,0
DA:35,0
DA:38,0
LF:15
LH:0
end_of_record
SF:lib\modules\home\data\local\local_database.dart
DA:10,0
DA:13,0
DA:15,0
DA:17,0
DA:19,0
DA:23,0
DA:24,0
DA:25,0
DA:27,0
DA:30,0
DA:31,0
DA:42,0
DA:56,0
DA:64,0
DA:65,0
DA:66,0
DA:80,0
DA:92,0
DA:95,0
DA:96,0
DA:97,0
DA:98,0
DA:104,0
DA:108,0
DA:110,0
DA:111,0
DA:114,0
DA:117,0
DA:118,0
DA:119,0
DA:120,0
DA:125,0
DA:128,0
DA:129,0
DA:130,0
DA:131,0
DA:132,0
DA:133,0
DA:139,0
DA:141,0
DA:143,0
DA:151,0
DA:154,0
DA:155,0
DA:159,0
DA:161,0
DA:162,0
DA:163,0
DA:164,0
DA:165,0
LF:50
LH:0
end_of_record
SF:lib\modules\home\infra\repository\rick_and_morty_repository_impl.dart
DA:14,1
DA:16,1
DA:19,1
DA:22,2
DA:24,1
DA:27,0
DA:32,2
DA:33,2
DA:34,1
DA:36,0
DA:40,1
DA:45,2
DA:46,1
DA:47,3
DA:48,1
DA:51,0
DA:56,6
DA:57,2
DA:58,2
DA:59,1
DA:61,0
LF:21
LH:17
end_of_record
SF:lib\modules\home\presenter\characters_list\characters_list_page.dart
DA:7,0
DA:11,0
DA:13,0
DA:14,0
DA:16,0
DA:18,0
DA:21,0
DA:22,0
DA:23,0
DA:24,0
DA:25,0
DA:26,0
DA:27,0
DA:28,0
DA:37,0
DA:39,0
DA:41,0
DA:42,0
DA:43,0
DA:44,0
DA:45,0
DA:46,0
DA:49,0
DA:50,0
DA:52,0
DA:55,0
DA:56,0
DA:57,0
DA:58,0
DA:63,0
LF:30
LH:0
end_of_record
SF:lib\modules\home\presenter\home\home_controller.dart
DA:8,2
DA:11,2
DA:14,2
DA:17,4
DA:20,2
DA:22,1
DA:23,1
DA:24,1
DA:25,1
DA:27,2
DA:29,1
DA:30,1
DA:31,2
DA:32,1
DA:33,1
DA:35,1
DA:36,1
DA:37,2
DA:41,1
DA:42,1
DA:45,1
DA:46,1
DA:49,4
DA:51,1
DA:52,0
DA:53,0
DA:54,0
DA:56,1
DA:57,1
LF:29
LH:26
end_of_record
SF:lib\modules\home\presenter\home\home_page.dart
DA:8,1
DA:10,1
DA:11,1
DA:19,1
DA:21,1
DA:22,3
DA:23,2
DA:24,0
DA:25,0
DA:30,0
DA:31,0
DA:32,0
DA:36,0
DA:41,0
DA:42,0
DA:43,0
DA:44,0
DA:45,0
DA:46,0
DA:49,0
DA:51,0
DA:56,1
DA:58,2
DA:59,2
DA:60,1
DA:63,1
DA:65,1
DA:66,1
DA:69,1
DA:70,1
DA:71,1
DA:72,1
DA:74,1
DA:76,1
DA:77,1
DA:78,1
DA:83,1
DA:84,1
DA:85,1
DA:89,2
DA:90,0
DA:92,1
DA:94,2
LF:43
LH:28
end_of_record
SF:lib\main.dart
DA:6,0
DA:7,0
DA:8,0
DA:11,3
DA:13,1
DA:14,1
DA:16,1
DA:18,1
DA:20,0
DA:21,0
DA:23,0
DA:32,2
DA:34,1
DA:36,1
DA:38,1
DA:39,1
DA:42,1
LF:17
LH:11
end_of_record
